Arguments: 
  C:\Program Files\nodejs\node.exe C:\Users\INSS\AppData\Roaming\npm\node_modules\yarn\bin\yarn.js install

PATH: 
  C:\Program Files (x86)\Common Files\Oracle\Java\javapath;C:\Windows\system32;C:\Windows;C:\Windows\System32\Wbem;C:\Windows\System32\WindowsPowerShell\v1.0\;C:\Windows\System32\OpenSSH\;C:\Program Files\nodejs\;C:\Program Files\Git\cmd;C:\Program Files\MySQL\MySQL Shell 8.0\bin\;C:\Users\INSS\AppData\Local\Microsoft\WindowsApps;;C:\Users\INSS\AppData\Local\Programs\Microsoft VS Code\bin;C:\Users\INSS\AppData\Roaming\npm

Yarn version: 
  1.22.10

Node version: 
  14.15.4

Platform: 
  win32 x64

Trace: 
  Error: https://registry.yarnpkg.com/cors/-/cors-2.8.5.tgz: tunneling socket could not be established, statusCode=407
      at ClientRequest.onConnect (C:\Users\INSS\AppData\Roaming\npm\node_modules\yarn\lib\cli.js:152224:19)
      at Object.onceWrapper (events.js:422:26)
      at ClientRequest.emit (events.js:315:20)
      at Socket.socketOnData (_http_client.js:547:11)
      at Socket.emit (events.js:315:20)
      at addChunk (internal/streams/readable.js:309:12)
      at readableAddChunk (internal/streams/readable.js:284:9)
      at Socket.Readable.push (internal/streams/readable.js:223:10)
      at TCP.onStreamRead (internal/stream_base_commons.js:188:23)

npm manifest: 
  {
    "name": "backend",
    "version": "1.0.0",
    "description": "",
    "main": "index.js",
    "scripts": {
      "start": "nodemon src/index.js"
    },
    "keywords": [],
    "author": "",
    "license": "ISC",
    "dependencies": {
      "bcryptjs": "^2.4.3",
      "cors": "^2.8.5",
      "date-fns": "^2.20.3",
      "express": "^4.17.1",
      "jsonwebtoken": "^8.5.1",
      "ldapjs": "^2.2.4",
      "mongoose": "^5.12.3"
    },
    "devDependencies": {
      "nodemon": "^2.0.7"
    }
  }

yarn manifest: 
  No manifest

Lockfile: 
  No lockfile
